<?xml version="1.0" encoding="UTF-8"?>
<coverage generated="1752223129344" clover="3.2.0">
  <project timestamp="1752223129345" name="All files">
    <metrics statements="10" coveredstatements="10" conditionals="8" coveredconditionals="8" methods="2" coveredmethods="2" elements="20" coveredelements="20" complexity="0" loc="10" ncloc="10" packages="1" files="1" classes="1"/>
    <file name="orderByProps.js" path="E:\Python\Учеба\DZ\1\1\src\orderByProps.js">
      <metrics statements="10" coveredstatements="10" conditionals="8" coveredconditionals="8" methods="2" coveredmethods="2"/>
      <line num="3" count="4" type="stmt"/>
      <line num="4" count="4" type="stmt"/>
      <line num="7" count="4" type="stmt"/>
      <line num="8" count="6" type="cond" truecount="2" falsecount="0"/>
      <line num="9" count="3" type="stmt"/>
      <line num="13" count="4" type="stmt"/>
      <line num="14" count="10" type="cond" truecount="4" falsecount="0"/>
      <line num="15" count="7" type="stmt"/>
      <line num="19" count="7" type="cond" truecount="2" falsecount="0"/>
      <line num="21" count="4" type="stmt"/>
    </file>
  </project>
</coverage>
