{"E:\\Python\\Учеба\\DZ\\1\\1\\src\\orderByProps.js": {"path":"E:\\Python\\Учеба\\DZ\\1\\1\\src\\orderByProps.js","statementMap":{"0":{"start":{"line":3,"column":18},"end":{"line":3,"column":20}},"1":{"start":{"line":4,"column":15},"end":{"line":4,"column":17}},"2":{"start":{"line":7,"column":2},"end":{"line":11,"column":3}},"3":{"start":{"line":8,"column":4},"end":{"line":10,"column":5}},"4":{"start":{"line":9,"column":6},"end":{"line":9,"column":60}},"5":{"start":{"line":13,"column":2},"end":{"line":17,"column":3}},"6":{"start":{"line":14,"column":4},"end":{"line":16,"column":5}},"7":{"start":{"line":15,"column":6},"end":{"line":15,"column":42}},"8":{"start":{"line":19,"column":2},"end":{"line":19,"column":48}},"9":{"start":{"line":19,"column":23},"end":{"line":19,"column":45}},"10":{"start":{"line":21,"column":2},"end":{"line":21,"column":30}}},"fnMap":{"0":{"name":"orderByProps","decl":{"start":{"line":2,"column":24},"end":{"line":2,"column":36}},"loc":{"start":{"line":2,"column":49},"end":{"line":22,"column":1}},"line":2},"1":{"name":"(anonymous_1)","decl":{"start":{"line":19,"column":12},"end":{"line":19,"column":13}},"loc":{"start":{"line":19,"column":23},"end":{"line":19,"column":45}},"line":19}},"branchMap":{"0":{"loc":{"start":{"line":8,"column":4},"end":{"line":10,"column":5}},"type":"if","locations":[{"start":{"line":8,"column":4},"end":{"line":10,"column":5}},{"start":{},"end":{}}],"line":8},"1":{"loc":{"start":{"line":14,"column":4},"end":{"line":16,"column":5}},"type":"if","locations":[{"start":{"line":14,"column":4},"end":{"line":16,"column":5}},{"start":{},"end":{}}],"line":14},"2":{"loc":{"start":{"line":14,"column":8},"end":{"line":14,"column":83}},"type":"binary-expr","locations":[{"start":{"line":14,"column":8},"end":{"line":14,"column":54}},{"start":{"line":14,"column":58},"end":{"line":14,"column":83}}],"line":14},"3":{"loc":{"start":{"line":19,"column":23},"end":{"line":19,"column":45}},"type":"cond-expr","locations":[{"start":{"line":19,"column":39},"end":{"line":19,"column":40}},{"start":{"line":19,"column":43},"end":{"line":19,"column":45}}],"line":19}},"s":{"0":4,"1":4,"2":4,"3":6,"4":3,"5":4,"6":10,"7":7,"8":4,"9":7,"10":4},"f":{"0":4,"1":7},"b":{"0":[3,3],"1":[7,3],"2":[10,10],"3":[4,3]},"_coverageSchema":"1a1c01bbd47fc00a2c39e90264f33305004495a9","hash":"f51d266141666cb8dad008f18314b6fae8f9f252"}
}
